<?xml version="1.0" encoding="UTF-8"?>
<!-- Generated by org.testng.reporters.JUnitReportReporter -->
<testsuite skipped="0" hostname="dell-PC" name="PropertiesFile.PropertiesFileExample" tests="1" failures="0" timestamp="27 Aug 2018 07:26:01 GMT" time="10.498" errors="0">
  <testcase name="login" time="10.498" classname="PropertiesFile.PropertiesFileExample"/>
</testsuite> <!-- PropertiesFile.PropertiesFileExample -->
