<?xml version="1.0" encoding="UTF-8"?>
<!-- Generated by org.testng.reporters.JUnitReportReporter -->
<testsuite skipped="0" hostname="dell-PC" name="Selenium.TestNgDataProvider" tests="5" failures="0" timestamp="22 Aug 2018 12:06:33 GMT" time="0.016" errors="0">
  <testcase name="testdata" time="0.000" classname="Selenium.TestNgDataProvider"/>
  <testcase name="readData" time="0.000" classname="Selenium.TestNgDataProvider"/>
  <testcase name="testdata" time="0.000" classname="Selenium.TestNgDataProvider"/>
  <testcase name="testdata" time="0.000" classname="Selenium.TestNgDataProvider"/>
  <testcase name="readData" time="0.016" classname="Selenium.TestNgDataProvider"/>
</testsuite> <!-- Selenium.TestNgDataProvider -->
