<?xml version="1.0" encoding="UTF-8"?>
<!-- Generated by org.testng.reporters.JUnitReportReporter -->
<testsuite skipped="0" hostname="dell-PC" name="DataproviderAnnotation.DataproviderDemo" tests="4" failures="0" timestamp="31 Aug 2018 09:11:27 GMT" time="0.020" errors="0">
  <testcase name="readyahoo" time="0.000" classname="DataproviderAnnotation.DataproviderDemo"/>
  <testcase name="readgmail" time="0.020" classname="DataproviderAnnotation.DataproviderDemo"/>
  <testcase name="readyahoo" time="0.000" classname="DataproviderAnnotation.DataproviderDemo"/>
  <testcase name="readgmail" time="0.000" classname="DataproviderAnnotation.DataproviderDemo"/>
</testsuite> <!-- DataproviderAnnotation.DataproviderDemo -->
