<?xml version="1.0" encoding="UTF-8"?>
<!-- Generated by org.testng.reporters.JUnitReportReporter -->
<testsuite skipped="0" hostname="dell-PC" name="Screenshot.ScreenshotSyntax" tests="1" failures="0" timestamp="12 Sep 2018 06:32:51 GMT" time="15.828" errors="0">
  <testcase name="captureScreen" time="15.828" classname="Screenshot.ScreenshotSyntax"/>
</testsuite> <!-- Screenshot.ScreenshotSyntax -->
