<?xml version="1.0" encoding="UTF-8"?>
<!-- Generated by org.testng.reporters.JUnitReportReporter -->
<testsuite skipped="0" hostname="dell-PC" name="Hebeon.It_IsCourse" tests="2" failures="0" timestamp="10 Sep 2018 06:54:36 GMT" time="35.073" errors="0">
  <testcase name="login" time="23.170" classname="Hebeon.It_IsCourse"/>
  <testcase name="course" time="11.903" classname="Hebeon.It_IsCourse"/>
</testsuite> <!-- Hebeon.It_IsCourse -->
