<?xml version="1.0" encoding="UTF-8"?>
<!-- Generated by org.testng.reporters.JUnitReportReporter -->
<testsuite skipped="0" hostname="dell-PC" name="PropertiesFile.PropertiesFileExample" tests="1" failures="0" timestamp="10 Sep 2018 10:41:27 GMT" time="10.487" errors="0">
  <testcase name="login" time="10.487" classname="PropertiesFile.PropertiesFileExample"/>
</testsuite> <!-- PropertiesFile.PropertiesFileExample -->
