<?xml version="1.0" encoding="UTF-8"?>
<!-- Generated by org.testng.reporters.JUnitReportReporter -->
<testsuite skipped="0" hostname="dell-PC" name="Selenium.HandlingWindows" tests="1" failures="0" timestamp="28 Aug 2018 17:23:54 GMT" time="51.511" errors="0">
  <testcase name="test" time="51.511" classname="Selenium.HandlingWindows"/>
</testsuite> <!-- Selenium.HandlingWindows -->
