<?xml version="1.0" encoding="UTF-8"?>
<!-- Generated by org.testng.reporters.JUnitReportReporter -->
<testsuite skipped="0" hostname="dell-PC" name="Screenshot.ScreenshotSyntax" tests="1" failures="0" timestamp="31 Aug 2018 11:03:28 GMT" time="12.255" errors="0">
  <testcase name="captureScreen" time="12.255" classname="Screenshot.ScreenshotSyntax"/>
</testsuite> <!-- Screenshot.ScreenshotSyntax -->
