<?xml version="1.0" encoding="UTF-8"?>
<!-- Generated by org.testng.reporters.JUnitReportReporter -->
<testsuite skipped="0" hostname="dell-PC" name="MyPackage.TestNgAnnotations" tests="2" failures="0" timestamp="01 Aug 2018 07:31:00 GMT" time="0.016" errors="0">
  <testcase name="Test2" time="0.016" classname="MyPackage.TestNgAnnotations"/>
  <testcase name="Test1" time="0.000" classname="MyPackage.TestNgAnnotations"/>
</testsuite> <!-- MyPackage.TestNgAnnotations -->
