<?xml version="1.0" encoding="UTF-8"?>
<!-- Generated by org.testng.reporters.JUnitReportReporter -->
<testsuite skipped="0" hostname="dell-PC" name="MyPackage.BeforeMethodAnnotation" tests="2" failures="0" timestamp="01 Aug 2018 07:22:00 GMT" time="0.047" errors="0">
  <testcase name="Test1" time="0.032" classname="MyPackage.BeforeMethodAnnotation"/>
  <testcase name="Test2" time="0.015" classname="MyPackage.BeforeMethodAnnotation"/>
</testsuite> <!-- MyPackage.BeforeMethodAnnotation -->
