<?xml version="1.0" encoding="UTF-8"?>
<!-- Generated by org.testng.reporters.JUnitReportReporter -->
<testsuite skipped="0" hostname="dell-PC" name="DataproviderAnnotation.GmailDataprovider" tests="2" failures="0" timestamp="26 Aug 2018 17:07:06 GMT" time="0.016" errors="0">
  <testcase name="readgmail" time="0.016" classname="DataproviderAnnotation.GmailDataprovider"/>
  <testcase name="readgmail" time="0.000" classname="DataproviderAnnotation.GmailDataprovider"/>
</testsuite> <!-- DataproviderAnnotation.GmailDataprovider -->
